Started GET "/" for ::1 at 2018-09-13 06:43:37 +0800
Processing by Rails::WelcomeController#index as HTML
  Rendering /Users/ringmdcebu/.rvm/gems/ruby-2.4.1/gems/railties-5.1.6/lib/rails/templates/rails/welcome/index.html.erb
  Rendered /Users/ringmdcebu/.rvm/gems/ruby-2.4.1/gems/railties-5.1.6/lib/rails/templates/rails/welcome/index.html.erb (3.8ms)
Completed 200 OK in 222ms (Views: 10.7ms)


Started GET "/" for ::1 at 2018-09-13 06:48:29 +0800
Processing by Rails::WelcomeController#index as HTML
  Rendering /Users/ringmdcebu/.rvm/gems/ruby-2.4.1/gems/railties-5.1.6/lib/rails/templates/rails/welcome/index.html.erb
  Rendered /Users/ringmdcebu/.rvm/gems/ruby-2.4.1/gems/railties-5.1.6/lib/rails/templates/rails/welcome/index.html.erb (4.8ms)
Completed 200 OK in 262ms (Views: 11.4ms)


Started GET "/" for ::1 at 2018-09-13 06:52:55 +0800
Processing by Rails::WelcomeController#index as HTML
  Rendering /Users/ringmdcebu/.rvm/gems/ruby-2.4.1/gems/railties-5.1.6/lib/rails/templates/rails/welcome/index.html.erb
  Rendered /Users/ringmdcebu/.rvm/gems/ruby-2.4.1/gems/railties-5.1.6/lib/rails/templates/rails/welcome/index.html.erb (4.7ms)
Completed 200 OK in 316ms (Views: 14.2ms)


Started GET "/" for ::1 at 2018-09-13 07:07:52 +0800
Processing by ShopController#index as HTML
  Rendering shop/index.html.haml within layouts/application
  Rendered shop/index.html.haml within layouts/application (3.5ms)
Completed 500 Internal Server Error in 240ms


  
ActionView::Template::Error (Inconsistent indentation: 6 spaces used for indentation, but the rest of the document was indented using 4 spaces.):
    1: .title_left
    2:     %h3
    3:       Test Cart
    4:       %small Dashboard
    5: .clearfix
    6: .row
  
app/views/shop/index.html.haml:3
Started GET "/" for ::1 at 2018-09-13 07:08:18 +0800
Processing by ShopController#index as HTML
  Rendering shop/index.html.haml within layouts/application
  Rendered shop/index.html.haml within layouts/application (2.1ms)
Completed 500 Internal Server Error in 20ms


  
ActionView::Template::Error (Illegal nesting: nesting within plain text is illegal.):
    1: .title_left
    2:   %h3
    3:     Test Cart
    4:       %small Dashboard
    5: .clearfix
    6: .row
    7:   .col-md-12
  
app/views/shop/index.html.haml:4
Started GET "/" for ::1 at 2018-09-13 07:08:40 +0800
Processing by ShopController#index as HTML
  Rendering shop/index.html.haml within layouts/application
  Rendered shop/index.html.haml within layouts/application (14.5ms)
Completed 200 OK in 757ms (Views: 751.9ms)


Started GET "/" for ::1 at 2018-09-13 07:08:49 +0800
Processing by ShopController#index as HTML
  Rendering shop/index.html.haml within layouts/application
  Rendered shop/index.html.haml within layouts/application (4.4ms)
Completed 200 OK in 33ms (Views: 30.0ms)


Started GET "/" for ::1 at 2018-09-13 07:11:03 +0800
Processing by ShopController#index as HTML
  Rendering shop/index.html.haml within layouts/application
  Rendered shop/index.html.haml within layouts/application (2.9ms)
Completed 500 Internal Server Error in 22ms


  
ActionView::Template::Error (couldn't find file 'jquery-ui' with type 'text/css'
Checked in these paths: 
  /Users/ringmdcebu/Documents/exam/shopCart_spa/app/assets/config
  /Users/ringmdcebu/Documents/exam/shopCart_spa/app/assets/images
  /Users/ringmdcebu/Documents/exam/shopCart_spa/app/assets/javascripts
  /Users/ringmdcebu/Documents/exam/shopCart_spa/app/assets/stylesheets
  /Users/ringmdcebu/.rvm/gems/ruby-2.4.1/gems/coffee-rails-4.2.2/lib/assets/javascripts
  /Users/ringmdcebu/.rvm/gems/ruby-2.4.1/gems/actioncable-5.1.6/lib/assets/compiled
  /Users/ringmdcebu/.rvm/gems/ruby-2.4.1/gems/actionview-5.1.6/lib/assets/compiled
  /Users/ringmdcebu/.rvm/gems/ruby-2.4.1/gems/turbolinks-source-5.2.0/lib/assets/javascripts
  /Users/ringmdcebu/Documents/exam/shopCart_spa/node_modules):
    4:     %meta{:content => "text/html; charset=UTF-8", "http-equiv" => "Content-Type"}/
    5:     %title Logicalware
    6:     = csrf_meta_tags
    7:     = stylesheet_link_tag    'application', media: 'all', 'data-turbolinks-track': 'reload'
    8:     = javascript_include_tag 'application', 'data-turbolinks-track': 'reload'
    9:   %body
   10:     = yield
  
app/assets/stylesheets/application.css:12
app/views/layouts/application.html.haml:7:in `_app_views_layouts_application_html_haml___1351991639789168857_70106445546160'
Started GET "/" for ::1 at 2018-09-13 07:12:18 +0800
Processing by ShopController#index as HTML
  Rendering shop/index.html.haml within layouts/application
  Rendered shop/index.html.haml within layouts/application (4.4ms)
Completed 500 Internal Server Error in 46ms


  
ActionView::Template::Error (couldn't find file 'jquery-ui' with type 'application/javascript'
Checked in these paths: 
  /Users/ringmdcebu/Documents/exam/shopCart_spa/app/assets/config
  /Users/ringmdcebu/Documents/exam/shopCart_spa/app/assets/images
  /Users/ringmdcebu/Documents/exam/shopCart_spa/app/assets/javascripts
  /Users/ringmdcebu/Documents/exam/shopCart_spa/app/assets/stylesheets
  /Users/ringmdcebu/.rvm/gems/ruby-2.4.1/gems/coffee-rails-4.2.2/lib/assets/javascripts
  /Users/ringmdcebu/.rvm/gems/ruby-2.4.1/gems/actioncable-5.1.6/lib/assets/compiled
  /Users/ringmdcebu/.rvm/gems/ruby-2.4.1/gems/actionview-5.1.6/lib/assets/compiled
  /Users/ringmdcebu/.rvm/gems/ruby-2.4.1/gems/turbolinks-source-5.2.0/lib/assets/javascripts
  /Users/ringmdcebu/Documents/exam/shopCart_spa/node_modules):
     5:     %title Logicalware
     6:     = csrf_meta_tags
     7:     = stylesheet_link_tag    'application', media: 'all', 'data-turbolinks-track': 'reload'
     8:     = javascript_include_tag 'application', 'data-turbolinks-track': 'reload'
     9:   %body
    10:     = yield
  
app/assets/javascripts/application.js:14
app/views/layouts/application.html.haml:8:in `_app_views_layouts_application_html_haml___1351991639789168857_70106445289560'
Started GET "/" for ::1 at 2018-09-13 07:12:34 +0800
Processing by ShopController#index as HTML
  Rendering shop/index.html.haml within layouts/application
  Rendered shop/index.html.haml within layouts/application (4.1ms)
Completed 200 OK in 43ms (Views: 38.5ms)


Started GET "/" for ::1 at 2018-09-13 07:13:47 +0800
Processing by ShopController#index as HTML
  Rendering shop/index.html.haml within layouts/application
  Rendered shop/index.html.haml within layouts/application (7.9ms)
Completed 200 OK in 609ms (Views: 336.8ms)


Started GET "/" for ::1 at 2018-09-13 07:48:32 +0800
Processing by ShopController#index as HTML
  Rendering shop/index.html.haml within layouts/application
  Rendered shop/index.html.haml within layouts/application (7.3ms)
Completed 200 OK in 628ms (Views: 383.9ms)


Started GET "/" for ::1 at 2018-09-13 07:49:35 +0800
Processing by ShopController#index as HTML
  Rendering shop/index.html.haml within layouts/application
  Rendered shop/index.html.haml within layouts/application (3.2ms)
Completed 200 OK in 39ms (Views: 36.7ms)


Started GET "/" for ::1 at 2018-09-14 17:45:13 +0800
Processing by ShopController#index as HTML
  Rendering shop/index.html.haml within layouts/application
  Rendered shop/index.html.haml within layouts/application (25.5ms)
  Rendered layouts/_header.html.haml (46.8ms)
Completed 200 OK in 154ms (Views: 140.6ms)


Started GET "/" for ::1 at 2018-09-14 17:49:23 +0800
Processing by ShopController#index as HTML
  Rendering shop/index.html.haml within layouts/application
  Rendered shop/index.html.haml within layouts/application (10.5ms)
  Rendered layouts/_header.html.haml (11.5ms)
Completed 200 OK in 2699ms (Views: 2367.4ms)


Started GET "/" for ::1 at 2018-09-14 17:50:36 +0800
Processing by ShopController#index as HTML
  Rendering shop/index.html.haml within layouts/application
  Rendered shop/index.html.haml within layouts/application (12.6ms)
  Rendered layouts/_header.html.haml (27.9ms)
Completed 200 OK in 803ms (Views: 558.9ms)


Started GET "/" for ::1 at 2018-09-14 17:51:12 +0800
Processing by ShopController#index as HTML
  Rendering shop/index.html.haml within layouts/application
  Rendered shop/index.html.haml within layouts/application (8.9ms)
  Rendered layouts/_header.html.haml (22.9ms)
Completed 200 OK in 99ms (Views: 92.8ms)


Started GET "/" for ::1 at 2018-09-14 17:51:13 +0800
Processing by ShopController#index as HTML
  Rendering shop/index.html.haml within layouts/application
  Rendered shop/index.html.haml within layouts/application (7.1ms)
  Rendered layouts/_header.html.haml (18.9ms)
Completed 200 OK in 84ms (Views: 80.6ms)


Started GET "/" for ::1 at 2018-09-14 17:54:40 +0800
Processing by ShopController#index as HTML
  Rendering shop/index.html.haml within layouts/application
  Rendered shop/index.html.haml within layouts/application (7.4ms)
Completed 500 Internal Server Error in 472ms



Sprockets::FileNotFound - couldn't find file 'popper' with type 'application/javascript'
Checked in these paths: 
  /Users/ringmdcebu/Documents/exam/shopCart_spa/app/assets/config
  /Users/ringmdcebu/Documents/exam/shopCart_spa/app/assets/images
  /Users/ringmdcebu/Documents/exam/shopCart_spa/app/assets/javascripts
  /Users/ringmdcebu/Documents/exam/shopCart_spa/app/assets/stylesheets
  /Users/ringmdcebu/.rvm/gems/ruby-2.4.1/gems/coffee-rails-4.2.2/lib/assets/javascripts
  /Users/ringmdcebu/.rvm/gems/ruby-2.4.1/gems/jquery-rails-4.3.3/vendor/assets/javascripts
  /Users/ringmdcebu/.rvm/gems/ruby-2.4.1/gems/jquery-ui-rails-6.0.1/app/assets/images
  /Users/ringmdcebu/.rvm/gems/ruby-2.4.1/gems/jquery-ui-rails-6.0.1/app/assets/javascripts
  /Users/ringmdcebu/.rvm/gems/ruby-2.4.1/gems/jquery-ui-rails-6.0.1/app/assets/stylesheets
  /Users/ringmdcebu/.rvm/gems/ruby-2.4.1/gems/actioncable-5.1.6/lib/assets/compiled
  /Users/ringmdcebu/.rvm/gems/ruby-2.4.1/gems/actionview-5.1.6/lib/assets/compiled
  /Users/ringmdcebu/.rvm/gems/ruby-2.4.1/gems/turbolinks-source-5.2.0/lib/assets/javascripts
  /Users/ringmdcebu/Documents/exam/shopCart_spa/node_modules
  /Users/ringmdcebu/.rvm/gems/ruby-2.4.1/gems/bootstrap-sass-3.3.7/assets/stylesheets
  /Users/ringmdcebu/.rvm/gems/ruby-2.4.1/gems/bootstrap-sass-3.3.7/assets/javascripts
  /Users/ringmdcebu/.rvm/gems/ruby-2.4.1/gems/bootstrap-sass-3.3.7/assets/fonts
  /Users/ringmdcebu/.rvm/gems/ruby-2.4.1/gems/bootstrap-sass-3.3.7/assets/images:
  app/views/layouts/application.html.haml:7:in `_app_views_layouts_application_html_haml__1799480988150870073_70131423150300'

Started POST "/__better_errors/cde292474f1d125a/variables" for ::1 at 2018-09-14 17:54:41 +0800
Started GET "/" for ::1 at 2018-09-14 17:54:57 +0800
Processing by ShopController#index as HTML
  Rendering shop/index.html.haml within layouts/application
  Rendered shop/index.html.haml within layouts/application (10.0ms)
  Rendered layouts/_header.html.haml (24.2ms)
Completed 200 OK in 412ms (Views: 403.9ms)


Started GET "/" for ::1 at 2018-09-14 18:00:27 +0800
Processing by ShopController#index as HTML
  Rendering shop/index.html.haml within layouts/application
  Rendered shop/index.html.haml within layouts/application (7.8ms)
  Rendered layouts/_header.html.haml (40.4ms)
Completed 200 OK in 585ms (Views: 308.2ms)


Started GET "/" for ::1 at 2018-09-14 18:00:37 +0800
Processing by ShopController#index as HTML
  Rendering shop/index.html.haml within layouts/application
  Rendered shop/index.html.haml within layouts/application (6.5ms)
  Rendered layouts/_header.html.haml (35.3ms)
Completed 200 OK in 96ms (Views: 87.4ms)


Started GET "/" for ::1 at 2018-09-14 18:03:17 +0800
Processing by ShopController#index as HTML
  Rendering shop/index.html.haml within layouts/application
  Rendered shop/index.html.haml within layouts/application (8.1ms)
  Rendered layouts/_header.html.haml (26.1ms)
Completed 200 OK in 584ms (Views: 258.5ms)


Started GET "/" for ::1 at 2018-09-14 18:05:25 +0800
Processing by ShopController#index as HTML
  Rendering shop/index.html.haml within layouts/application
  Rendered shop/index.html.haml within layouts/application (8.3ms)
  Rendered layouts/_header.html.haml (36.8ms)
Completed 200 OK in 1945ms (Views: 1673.7ms)


Started GET "/" for ::1 at 2018-09-14 18:07:23 +0800
Processing by ShopController#index as HTML
  Rendering shop/index.html.haml within layouts/application
  Rendered shop/index.html.haml within layouts/application (7.6ms)
  Rendered layouts/_header.html.haml (37.4ms)
Completed 200 OK in 851ms (Views: 569.0ms)


Started GET "/" for ::1 at 2018-09-14 18:07:33 +0800
Processing by ShopController#index as HTML
  Rendering shop/index.html.haml within layouts/application
  Rendered shop/index.html.haml within layouts/application (5.2ms)
  Rendered layouts/_header.html.haml (19.5ms)
Completed 200 OK in 135ms (Views: 126.5ms)


Started GET "/" for ::1 at 2018-09-14 18:09:24 +0800
Processing by ShopController#index as HTML
  Rendering shop/index.html.haml within layouts/application
  Rendered shop/index.html.haml within layouts/application (6.6ms)
Completed 200 OK in 90ms (Views: 85.0ms)


Started GET "/" for ::1 at 2018-09-14 18:11:43 +0800
Processing by ShopController#index as HTML
  Rendering shop/index.html.haml within layouts/application
  Rendered shop/index.html.haml within layouts/application (5.6ms)
Completed 500 Internal Server Error in 29ms



Haml::SyntaxError - Inconsistent indentation: "      \t" used for indentation, but the rest of the document was indented using 2 spaces.:
  app/views/layouts/application.html.haml:12:in `'

Started POST "/__better_errors/48606eed88799ec8/variables" for ::1 at 2018-09-14 18:11:43 +0800
Started GET "/" for ::1 at 2018-09-14 18:12:10 +0800
Processing by ShopController#index as HTML
  Rendering shop/index.html.haml within layouts/application
  Rendered shop/index.html.haml within layouts/application (9.2ms)
Completed 500 Internal Server Error in 33ms



Haml::SyntaxError - Inconsistent indentation: "  \t\t  " used for indentation, but the rest of the document was indented using 2 spaces.:
  app/views/layouts/application.html.haml:13:in `'

Started POST "/__better_errors/9f8a28393a7ab09b/variables" for ::1 at 2018-09-14 18:12:10 +0800
Started GET "/" for ::1 at 2018-09-14 18:12:22 +0800
Processing by ShopController#index as HTML
  Rendering shop/index.html.haml within layouts/application
  Rendered shop/index.html.haml within layouts/application (10.6ms)
Completed 500 Internal Server Error in 31ms



Haml::SyntaxError - Inconsistent indentation: "  \t\t\t" used for indentation, but the rest of the document was indented using 2 spaces.:
  app/views/layouts/application.html.haml:13:in `'

Started POST "/__better_errors/db2946d231b98ed2/variables" for ::1 at 2018-09-14 18:12:22 +0800
Started GET "/" for ::1 at 2018-09-14 18:12:30 +0800
Processing by ShopController#index as HTML
  Rendering shop/index.html.haml within layouts/application
  Rendered shop/index.html.haml within layouts/application (8.0ms)
Completed 500 Internal Server Error in 31ms



Haml::SyntaxError - Inconsistent indentation: "  \t\t" used for indentation, but the rest of the document was indented using 2 spaces.:
  app/views/layouts/application.html.haml:13:in `'

Started POST "/__better_errors/97d372dd008b9d1b/variables" for ::1 at 2018-09-14 18:12:30 +0800
Started GET "/" for ::1 at 2018-09-14 18:12:41 +0800
Processing by ShopController#index as HTML
  Rendering shop/index.html.haml within layouts/application
  Rendered shop/index.html.haml within layouts/application (10.3ms)
Completed 200 OK in 114ms (Views: 107.3ms)


Started GET "/" for ::1 at 2018-09-14 18:16:08 +0800
Processing by ShopController#index as HTML
  Rendering shop/index.html.haml within layouts/application
  Rendered shop/index.html.haml within layouts/application (5.5ms)
  Rendered layouts/_header.html.haml (6.2ms)
Completed 200 OK in 123ms (Views: 115.8ms)


Started GET "/" for ::1 at 2018-09-14 18:16:45 +0800
Processing by ShopController#index as HTML
  Rendering shop/index.html.haml within layouts/application
  Rendered shop/index.html.haml within layouts/application (4.6ms)
  Rendered layouts/_header.html.haml (25.4ms)
Completed 200 OK in 133ms (Views: 129.2ms)


Started GET "/" for ::1 at 2018-09-14 18:22:28 +0800
Processing by ShopController#index as HTML
  Rendering shop/index.html.haml within layouts/application
  Rendered shop/index.html.haml within layouts/application (7.3ms)
  Rendered layouts/_header.html.haml (40.5ms)
Completed 200 OK in 2333ms (Views: 2044.3ms)


Started GET "/" for ::1 at 2018-09-14 18:23:20 +0800
Processing by ShopController#index as HTML
  Rendering shop/index.html.haml within layouts/application
  Rendered shop/index.html.haml within layouts/application (5.4ms)
  Rendered layouts/_header.html.haml (20.7ms)
Completed 200 OK in 132ms (Views: 126.3ms)


Started GET "/" for ::1 at 2018-09-14 18:23:40 +0800
Processing by ShopController#index as HTML
  Rendering shop/index.html.haml within layouts/application
  Rendered shop/index.html.haml within layouts/application (5.7ms)
  Rendered layouts/_header.html.haml (31.9ms)
Completed 200 OK in 129ms (Views: 122.3ms)


Started GET "/" for ::1 at 2018-09-14 18:23:54 +0800
Processing by ShopController#index as HTML
  Rendering shop/index.html.haml within layouts/application
  Rendered shop/index.html.haml within layouts/application (4.1ms)
  Rendered layouts/_header.html.haml (19.8ms)
Completed 200 OK in 107ms (Views: 99.9ms)


Started GET "/" for ::1 at 2018-09-14 18:24:19 +0800
Processing by ShopController#index as HTML
  Rendering shop/index.html.haml within layouts/application
  Rendered shop/index.html.haml within layouts/application (5.1ms)
  Rendered layouts/_header.html.haml (14.8ms)
Completed 200 OK in 81ms (Views: 77.6ms)


Started GET "/" for ::1 at 2018-09-14 18:24:59 +0800
Processing by ShopController#index as HTML
  Rendering shop/index.html.haml within layouts/application
  Rendered shop/index.html.haml within layouts/application (2.9ms)
  Rendered layouts/_header.html.haml (18.2ms)
Completed 200 OK in 92ms (Views: 87.0ms)


Started GET "/" for ::1 at 2018-09-14 18:25:14 +0800
Processing by ShopController#index as HTML
  Rendering shop/index.html.haml within layouts/application
  Rendered shop/index.html.haml within layouts/application (3.8ms)
  Rendered layouts/_header.html.haml (16.9ms)
Completed 200 OK in 96ms (Views: 87.6ms)


Started GET "/" for ::1 at 2018-09-14 18:25:25 +0800
Processing by ShopController#index as HTML
  Rendering shop/index.html.haml within layouts/application
  Rendered shop/index.html.haml within layouts/application (6.4ms)
  Rendered layouts/_header.html.haml (27.4ms)
Completed 200 OK in 126ms (Views: 118.8ms)


Started GET "/" for ::1 at 2018-09-14 18:25:53 +0800
Processing by ShopController#index as HTML
  Rendering shop/index.html.haml within layouts/application
  Rendered shop/index.html.haml within layouts/application (4.6ms)
  Rendered layouts/_header.html.haml (11.8ms)
Completed 200 OK in 96ms (Views: 88.9ms)


Started GET "/" for ::1 at 2018-09-14 18:26:03 +0800
Processing by ShopController#index as HTML
  Rendering shop/index.html.haml within layouts/application
  Rendered shop/index.html.haml within layouts/application (5.2ms)
  Rendered layouts/_header.html.haml (13.6ms)
Completed 200 OK in 87ms (Views: 81.9ms)


Started GET "/" for ::1 at 2018-09-14 18:32:31 +0800

PG::ConnectionBad - FATAL:  database "logicalwave_db" does not exist
:

Started POST "/__better_errors/c1885f2eef90df68/variables" for ::1 at 2018-09-14 18:32:31 +0800
Started GET "/" for ::1 at 2018-09-14 18:34:17 +0800

ActiveRecord::PendingMigrationError - Migrations are pending. To resolve this issue, run:

        bin/rails db:migrate RAILS_ENV=development

:

Started POST "/__better_errors/cd6c14e558e941c4/variables" for ::1 at 2018-09-14 18:34:17 +0800
  [1m[35m (34.1ms)[0m  [1m[35mCREATE TABLE "schema_migrations" ("version" character varying NOT NULL PRIMARY KEY)[0m
  [1m[35m (26.5ms)[0m  [1m[35mCREATE TABLE "ar_internal_metadata" ("key" character varying NOT NULL PRIMARY KEY, "value" character varying, "created_at" timestamp NOT NULL, "updated_at" timestamp NOT NULL)[0m
  [1m[35m (16.8ms)[0m  [1m[34mSELECT pg_try_advisory_lock(4756342834584999420)[0m
  [1m[35m (0.9ms)[0m  [1m[34mSELECT "schema_migrations"."version" FROM "schema_migrations" ORDER BY "schema_migrations"."version" ASC[0m
Migrating to CreateOrderStatuses (20180914102912)
  [1m[35m (0.3ms)[0m  [1m[35mBEGIN[0m
  [1m[35m (27.3ms)[0m  [1m[35mCREATE TABLE "order_statuses" ("id" bigserial primary key, "name" character varying, "created_at" timestamp NOT NULL, "updated_at" timestamp NOT NULL)[0m
  [1m[35mSQL (2.7ms)[0m  [1m[32mINSERT INTO "schema_migrations" ("version") VALUES ($1) RETURNING "version"[0m  [["version", "20180914102912"]]
  [1m[35m (0.5ms)[0m  [1m[35mCOMMIT[0m
Migrating to CreateProducts (20180914103948)
  [1m[35m (0.4ms)[0m  [1m[35mBEGIN[0m
  [1m[35m (3.4ms)[0m  [1m[35mCREATE TABLE "products" ("id" bigserial primary key, "name" character varying, "price" decimal(12,3), "active" boolean, "created_at" timestamp NOT NULL, "updated_at" timestamp NOT NULL)[0m
  [1m[35mSQL (0.4ms)[0m  [1m[32mINSERT INTO "schema_migrations" ("version") VALUES ($1) RETURNING "version"[0m  [["version", "20180914103948"]]
  [1m[35m (0.7ms)[0m  [1m[35mCOMMIT[0m
Migrating to CreateOrderItems (20180914104201)
  [1m[35m (1.4ms)[0m  [1m[35mBEGIN[0m
  [1m[35m (11.5ms)[0m  [1m[35mCREATE TABLE "order_items" ("id" bigserial primary key, "product_id" bigint, "order_id" bigint, "unit_price" decimal(12,3), "quantity" integer, "total_price" decimal(12,3), "created_at" timestamp NOT NULL, "updated_at" timestamp NOT NULL, CONSTRAINT "fk_rails_f1a29ddd47"
FOREIGN KEY ("product_id")
  REFERENCES "products" ("id")
, CONSTRAINT "fk_rails_e3cb28f071"
FOREIGN KEY ("order_id")
  REFERENCES "orders" ("id")
)[0m
  [1m[35m (0.3ms)[0m  [1m[31mROLLBACK[0m
  [1m[35m (0.6ms)[0m  [1m[34mSELECT pg_advisory_unlock(4756342834584999420)[0m
  [1m[35m (5.3ms)[0m  [1m[35mCREATE TABLE "schema_migrations" ("version" character varying NOT NULL PRIMARY KEY)[0m
  [1m[35m (2.4ms)[0m  [1m[35mCREATE TABLE "ar_internal_metadata" ("key" character varying NOT NULL PRIMARY KEY, "value" character varying, "created_at" timestamp NOT NULL, "updated_at" timestamp NOT NULL)[0m
  [1m[35m (0.3ms)[0m  [1m[34mSELECT pg_try_advisory_lock(4756342834584999420)[0m
  [1m[35m (0.6ms)[0m  [1m[34mSELECT "schema_migrations"."version" FROM "schema_migrations" ORDER BY "schema_migrations"."version" ASC[0m
Migrating to CreateProducts (20180914104845)
  [1m[35m (0.3ms)[0m  [1m[35mBEGIN[0m
  [1m[35m (4.2ms)[0m  [1m[35mCREATE TABLE "products" ("id" bigserial primary key, "name" character varying, "price" decimal(12,3), "active" boolean, "created_at" timestamp NOT NULL, "updated_at" timestamp NOT NULL)[0m
  [1m[35mSQL (0.7ms)[0m  [1m[32mINSERT INTO "schema_migrations" ("version") VALUES ($1) RETURNING "version"[0m  [["version", "20180914104845"]]
  [1m[35m (0.5ms)[0m  [1m[35mCOMMIT[0m
Migrating to CreateOrderStatuses (20180914104900)
  [1m[35m (0.3ms)[0m  [1m[35mBEGIN[0m
  [1m[35m (2.9ms)[0m  [1m[35mCREATE TABLE "order_statuses" ("id" bigserial primary key, "name" character varying, "created_at" timestamp NOT NULL, "updated_at" timestamp NOT NULL)[0m
  [1m[35mSQL (0.4ms)[0m  [1m[32mINSERT INTO "schema_migrations" ("version") VALUES ($1) RETURNING "version"[0m  [["version", "20180914104900"]]
  [1m[35m (0.5ms)[0m  [1m[35mCOMMIT[0m
Migrating to CreateOrders (20180914104917)
  [1m[35m (0.5ms)[0m  [1m[35mBEGIN[0m
  [1m[35m (3.5ms)[0m  [1m[35mCREATE TABLE "orders" ("id" bigserial primary key, "subtotal" decimal(12,3), "tax" decimal(12,3), "shipping" decimal(12,3), "total" decimal(12,3), "order_status_id" bigint, "created_at" timestamp NOT NULL, "updated_at" timestamp NOT NULL, CONSTRAINT "fk_rails_7a22cf8b0e"
FOREIGN KEY ("order_status_id")
  REFERENCES "order_statuses" ("id")
)[0m
  [1m[35m (1.1ms)[0m  [1m[35mCREATE  INDEX  "index_orders_on_order_status_id" ON "orders"  ("order_status_id")[0m
  [1m[35mSQL (0.4ms)[0m  [1m[32mINSERT INTO "schema_migrations" ("version") VALUES ($1) RETURNING "version"[0m  [["version", "20180914104917"]]
  [1m[35m (0.5ms)[0m  [1m[35mCOMMIT[0m
Migrating to CreateOrderItems (20180914104953)
  [1m[35m (0.5ms)[0m  [1m[35mBEGIN[0m
  [1m[35m (3.2ms)[0m  [1m[35mCREATE TABLE "order_items" ("id" bigserial primary key, "product_id" bigint, "order_id" bigint, "unit_price" decimal(12,3), "quantity" integer, "total_price" decimal(12,3), "created_at" timestamp NOT NULL, "updated_at" timestamp NOT NULL, CONSTRAINT "fk_rails_f1a29ddd47"
FOREIGN KEY ("product_id")
  REFERENCES "products" ("id")
, CONSTRAINT "fk_rails_e3cb28f071"
FOREIGN KEY ("order_id")
  REFERENCES "orders" ("id")
)[0m
  [1m[35m (0.9ms)[0m  [1m[35mCREATE  INDEX  "index_order_items_on_product_id" ON "order_items"  ("product_id")[0m
  [1m[35m (3.0ms)[0m  [1m[35mCREATE  INDEX  "index_order_items_on_order_id" ON "order_items"  ("order_id")[0m
  [1m[35mSQL (0.4ms)[0m  [1m[32mINSERT INTO "schema_migrations" ("version") VALUES ($1) RETURNING "version"[0m  [["version", "20180914104953"]]
  [1m[35m (0.5ms)[0m  [1m[35mCOMMIT[0m
  [1m[36mActiveRecord::InternalMetadata Load (0.5ms)[0m  [1m[34mSELECT  "ar_internal_metadata".* FROM "ar_internal_metadata" WHERE "ar_internal_metadata"."key" = $1 LIMIT $2[0m  [["key", "environment"], ["LIMIT", 1]]
  [1m[35m (0.2ms)[0m  [1m[35mBEGIN[0m
  [1m[35mSQL (1.4ms)[0m  [1m[32mINSERT INTO "ar_internal_metadata" ("key", "value", "created_at", "updated_at") VALUES ($1, $2, $3, $4) RETURNING "key"[0m  [["key", "environment"], ["value", "development"], ["created_at", "2018-09-14 10:50:06.872562"], ["updated_at", "2018-09-14 10:50:06.872562"]]
  [1m[35m (0.6ms)[0m  [1m[35mCOMMIT[0m
  [1m[35m (0.6ms)[0m  [1m[34mSELECT pg_advisory_unlock(4756342834584999420)[0m
  [1m[35m (1.1ms)[0m  [1m[34mSELECT "schema_migrations"."version" FROM "schema_migrations" ORDER BY "schema_migrations"."version" ASC[0m
  [1m[35m (0.7ms)[0m  [1m[34mSELECT "schema_migrations"."version" FROM "schema_migrations" ORDER BY "schema_migrations"."version" ASC[0m
  [1m[35mSQL (6.8ms)[0m  [1m[31mDELETE FROM "products"[0m
  [1m[35m (0.2ms)[0m  [1m[35mBEGIN[0m
  [1m[35mSQL (0.9ms)[0m  [1m[32mINSERT INTO "products" ("id", "name", "price", "active", "created_at", "updated_at") VALUES ($1, $2, $3, $4, $5, $6) RETURNING "id"[0m  [["id", 1], ["name", "Banana"], ["price", "0.49"], ["active", "t"], ["created_at", "2018-09-14 10:50:34.591732"], ["updated_at", "2018-09-14 10:50:34.591732"]]
  [1m[35m (6.3ms)[0m  [1m[35mCOMMIT[0m
  [1m[35m (0.3ms)[0m  [1m[35mBEGIN[0m
  [1m[35mSQL (0.7ms)[0m  [1m[32mINSERT INTO "products" ("id", "name", "price", "active", "created_at", "updated_at") VALUES ($1, $2, $3, $4, $5, $6) RETURNING "id"[0m  [["id", 2], ["name", "Apple"], ["price", "0.29"], ["active", "t"], ["created_at", "2018-09-14 10:50:34.602348"], ["updated_at", "2018-09-14 10:50:34.602348"]]
  [1m[35m (6.5ms)[0m  [1m[35mCOMMIT[0m
  [1m[35m (0.3ms)[0m  [1m[35mBEGIN[0m
  [1m[35mSQL (0.6ms)[0m  [1m[32mINSERT INTO "products" ("id", "name", "price", "active", "created_at", "updated_at") VALUES ($1, $2, $3, $4, $5, $6) RETURNING "id"[0m  [["id", 3], ["name", "Carton of Strawberries"], ["price", "1.99"], ["active", "t"], ["created_at", "2018-09-14 10:50:34.612399"], ["updated_at", "2018-09-14 10:50:34.612399"]]
  [1m[35m (5.1ms)[0m  [1m[35mCOMMIT[0m
  [1m[35mSQL (0.6ms)[0m  [1m[31mDELETE FROM "order_statuses"[0m
  [1m[35m (0.2ms)[0m  [1m[35mBEGIN[0m
  [1m[35mSQL (0.6ms)[0m  [1m[32mINSERT INTO "order_statuses" ("id", "name", "created_at", "updated_at") VALUES ($1, $2, $3, $4) RETURNING "id"[0m  [["id", 1], ["name", "In Progress"], ["created_at", "2018-09-14 10:50:34.628822"], ["updated_at", "2018-09-14 10:50:34.628822"]]
  [1m[35m (0.4ms)[0m  [1m[35mCOMMIT[0m
  [1m[35m (0.2ms)[0m  [1m[35mBEGIN[0m
  [1m[35mSQL (0.4ms)[0m  [1m[32mINSERT INTO "order_statuses" ("id", "name", "created_at", "updated_at") VALUES ($1, $2, $3, $4) RETURNING "id"[0m  [["id", 2], ["name", "Placed"], ["created_at", "2018-09-14 10:50:34.631346"], ["updated_at", "2018-09-14 10:50:34.631346"]]
  [1m[35m (0.4ms)[0m  [1m[35mCOMMIT[0m
  [1m[35m (0.2ms)[0m  [1m[35mBEGIN[0m
  [1m[35mSQL (0.3ms)[0m  [1m[32mINSERT INTO "order_statuses" ("id", "name", "created_at", "updated_at") VALUES ($1, $2, $3, $4) RETURNING "id"[0m  [["id", 3], ["name", "Shipped"], ["created_at", "2018-09-14 10:50:34.633349"], ["updated_at", "2018-09-14 10:50:34.633349"]]
  [1m[35m (0.4ms)[0m  [1m[35mCOMMIT[0m
  [1m[35m (0.2ms)[0m  [1m[35mBEGIN[0m
  [1m[35mSQL (0.3ms)[0m  [1m[32mINSERT INTO "order_statuses" ("id", "name", "created_at", "updated_at") VALUES ($1, $2, $3, $4) RETURNING "id"[0m  [["id", 4], ["name", "Cancelled"], ["created_at", "2018-09-14 10:50:34.635328"], ["updated_at", "2018-09-14 10:50:34.635328"]]
  [1m[35m (0.4ms)[0m  [1m[35mCOMMIT[0m
Started GET "/" for ::1 at 2018-09-14 18:57:35 +0800
  [1m[35m (1.5ms)[0m  [1m[34mSELECT "schema_migrations"."version" FROM "schema_migrations" ORDER BY "schema_migrations"."version" ASC[0m
Processing by ShopController#index as HTML
  Rendering shop/index.html.haml within layouts/application
  Rendered shop/index.html.haml within layouts/application (4.3ms)
  Rendered layouts/_header.html.haml (16.3ms)
Completed 200 OK in 638ms (Views: 622.0ms | ActiveRecord: 0.0ms)


Started GET "/" for ::1 at 2018-09-14 19:07:42 +0800
Processing by ShopController#index as HTML
  Rendering shop/index.html.haml within layouts/application
  Rendered shop/index.html.haml within layouts/application (2.0ms)
Completed 500 Internal Server Error in 19ms (ActiveRecord: 0.0ms)



Haml::SyntaxError - Inconsistent indentation: "  \t\t  " used for indentation, but the rest of the document was indented using 2 spaces.:
  app/views/layouts/application.html.haml:14:in `'

Started POST "/__better_errors/2d898072ecff5993/variables" for ::1 at 2018-09-14 19:07:42 +0800
Started GET "/" for ::1 at 2018-09-14 19:08:16 +0800
Processing by ShopController#index as HTML
  Rendering shop/index.html.haml within layouts/application
  Rendered shop/index.html.haml within layouts/application (3.2ms)
Completed 500 Internal Server Error in 23ms (ActiveRecord: 0.0ms)



Haml::SyntaxError - Inconsistent indentation: "  \t\t  " used for indentation, but the rest of the document was indented using 2 spaces.:
  app/views/layouts/application.html.haml:14:in `'

Started POST "/__better_errors/f9cc1b475ef33b26/variables" for ::1 at 2018-09-14 19:08:16 +0800
Started GET "/" for ::1 at 2018-09-14 19:08:39 +0800
Processing by ShopController#index as HTML
  Rendering shop/index.html.haml within layouts/application
  Rendered shop/index.html.haml within layouts/application (3.1ms)
  Rendered layouts/_header.html.haml (7.4ms)
Completed 200 OK in 108ms (Views: 102.0ms | ActiveRecord: 0.0ms)


Started GET "/" for ::1 at 2018-09-14 19:09:29 +0800
Processing by ShopController#index as HTML
  Rendering shop/index.html.haml within layouts/application
  Rendered shop/index.html.haml within layouts/application (5.1ms)
  Rendered layouts/_header.html.haml (7.2ms)
  Rendered layouts/_cart_text.html.haml (44.4ms)
Completed 200 OK in 167ms (Views: 151.7ms | ActiveRecord: 7.7ms)


Started GET "/" for ::1 at 2018-09-14 19:10:51 +0800
Processing by ShopController#index as HTML
  Rendering shop/index.html.haml within layouts/application
  Rendered shop/index.html.haml within layouts/application (2.1ms)
  Rendered layouts/_cart_text.html.haml (2.2ms)
  Rendered layouts/_header.html.haml (10.6ms)
Completed 200 OK in 94ms (Views: 86.3ms | ActiveRecord: 0.0ms)


Started GET "/" for ::1 at 2018-09-14 19:12:35 +0800
Processing by ShopController#index as HTML
  Rendering shop/index.html.haml within layouts/application
  Rendered shop/index.html.haml within layouts/application (1.8ms)
  Rendered layouts/_cart_text.html.haml (2.1ms)
  Rendered layouts/_header.html.haml (10.4ms)
Completed 200 OK in 106ms (Views: 100.7ms | ActiveRecord: 0.0ms)


Started GET "/products" for ::1 at 2018-09-14 19:12:38 +0800
Processing by ProductsController#index as HTML
  Rendering products/index.html.haml within layouts/application
  [1m[36mProduct Load (0.9ms)[0m  [1m[34mSELECT "products".* FROM "products" WHERE "products"."active" = $1[0m  [["active", "t"]]
  Rendered products/_product_row.html.haml (26.1ms)
  Rendered products/_product_row.html.haml (0.9ms)
  Rendered products/_product_row.html.haml (0.7ms)
  Rendered products/index.html.haml within layouts/application (48.8ms)
  Rendered layouts/_cart_text.html.haml (2.5ms)
  Rendered layouts/_header.html.haml (12.2ms)
Completed 200 OK in 166ms (Views: 128.3ms | ActiveRecord: 8.8ms)


Started POST "/order_items" for ::1 at 2018-09-14 19:12:46 +0800
Processing by OrderItemsController#create as JS
  Parameters: {"utf8"=>"✓", "order_item"=>{"quantity"=>"1", "product_id"=>"1"}, "commit"=>"Add to Cart"}
  [1m[35m (0.3ms)[0m  [1m[35mBEGIN[0m
  [1m[36mProduct Load (0.6ms)[0m  [1m[34mSELECT  "products".* FROM "products" WHERE "products"."active" = $1 AND "products"."id" = $2 LIMIT $3[0m  [["active", "t"], ["id", 1], ["LIMIT", 1]]
  [1m[35m (0.3ms)[0m  [1m[31mROLLBACK[0m
  Rendering order_items/create.html.haml within layouts/application
  Rendered order_items/create.html.haml within layouts/application (2.8ms)
  Rendered layouts/_cart_text.html.haml (2.4ms)
  Rendered layouts/_header.html.haml (52.1ms)
Completed 200 OK in 278ms (Views: 227.6ms | ActiveRecord: 1.1ms)


Started GET "/cart" for ::1 at 2018-09-14 19:13:53 +0800
Processing by CartsController#show as HTML
  Rendering carts/show.html.haml within layouts/application
  Rendered carts/_shopping_cart.html.haml (5.4ms)
  Rendered carts/show.html.haml within layouts/application (13.8ms)
  Rendered layouts/_cart_text.html.haml (2.5ms)
  Rendered layouts/_header.html.haml (11.7ms)
Completed 200 OK in 98ms (Views: 91.4ms | ActiveRecord: 0.0ms)


Started GET "/" for ::1 at 2018-09-14 19:13:58 +0800
Processing by ShopController#index as HTML
  Rendering shop/index.html.haml within layouts/application
  Rendered shop/index.html.haml within layouts/application (4.1ms)
  Rendered layouts/_cart_text.html.haml (2.2ms)
  Rendered layouts/_header.html.haml (11.1ms)
Completed 200 OK in 118ms (Views: 111.3ms | ActiveRecord: 0.0ms)


Started GET "/products" for ::1 at 2018-09-14 19:13:59 +0800
Processing by ProductsController#index as HTML
  Rendering products/index.html.haml within layouts/application
  [1m[36mProduct Load (0.6ms)[0m  [1m[34mSELECT "products".* FROM "products" WHERE "products"."active" = $1[0m  [["active", "t"]]
  Rendered products/_product_row.html.haml (12.7ms)
  Rendered products/_product_row.html.haml (1.5ms)
  Rendered products/_product_row.html.haml (1.0ms)
  Rendered products/index.html.haml within layouts/application (41.8ms)
  Rendered layouts/_cart_text.html.haml (2.0ms)
  Rendered layouts/_header.html.haml (9.6ms)
Completed 200 OK in 147ms (Views: 138.6ms | ActiveRecord: 0.6ms)


Started GET "/" for ::1 at 2018-09-14 19:25:32 +0800
Processing by ShopController#index as HTML
  Rendering shop/index.html.haml within layouts/application
  Rendered shop/index.html.haml within layouts/application (4.8ms)
  Rendered layouts/_cart_text.html.haml (2.9ms)
  Rendered layouts/_header.html.haml (12.4ms)
Completed 200 OK in 93ms (Views: 87.6ms | ActiveRecord: 0.0ms)


Started GET "/products" for ::1 at 2018-09-14 19:25:33 +0800
Processing by ProductsController#index as HTML
  Rendering products/index.html.haml within layouts/application
  [1m[36mProduct Load (1.2ms)[0m  [1m[34mSELECT "products".* FROM "products" WHERE "products"."active" = $1[0m  [["active", "t"]]
  Rendered products/_product_row.html.haml (7.2ms)
  Rendered products/_product_row.html.haml (0.7ms)
  Rendered products/_product_row.html.haml (0.9ms)
  Rendered products/index.html.haml within layouts/application (22.7ms)
  Rendered layouts/_cart_text.html.haml (2.1ms)
  Rendered layouts/_header.html.haml (10.2ms)
Completed 200 OK in 100ms (Views: 93.6ms | ActiveRecord: 1.2ms)


Started GET "/products" for ::1 at 2018-09-14 19:25:56 +0800
Processing by ProductsController#index as HTML
  Rendering products/index.html.haml within layouts/application
  [1m[36mProduct Load (1.2ms)[0m  [1m[34mSELECT "products".* FROM "products" WHERE "products"."active" = $1[0m  [["active", "t"]]
  Rendered products/_product_row.html.haml (10.0ms)
  Rendered products/_product_row.html.haml (2.3ms)
  Rendered products/_product_row.html.haml (1.7ms)
  Rendered products/index.html.haml within layouts/application (33.2ms)
  Rendered layouts/_cart_text.html.haml (3.2ms)
  Rendered layouts/_header.html.haml (11.9ms)
Completed 200 OK in 149ms (Views: 137.7ms | ActiveRecord: 1.2ms)


Started GET "/carts" for ::1 at 2018-09-14 19:25:58 +0800
  
ActionController::RoutingError (No route matches [GET] "/carts"):
  
actionpack (5.1.6) lib/action_dispatch/middleware/debug_exceptions.rb:63:in `call'
web-console (3.7.0) lib/web_console/middleware.rb:135:in `call_app'
web-console (3.7.0) lib/web_console/middleware.rb:30:in `block in call'
web-console (3.7.0) lib/web_console/middleware.rb:20:in `catch'
web-console (3.7.0) lib/web_console/middleware.rb:20:in `call'
actionpack (5.1.6) lib/action_dispatch/middleware/show_exceptions.rb:31:in `call'
railties (5.1.6) lib/rails/rack/logger.rb:36:in `call_app'
railties (5.1.6) lib/rails/rack/logger.rb:24:in `block in call'
activesupport (5.1.6) lib/active_support/tagged_logging.rb:69:in `block in tagged'
activesupport (5.1.6) lib/active_support/tagged_logging.rb:26:in `tagged'
activesupport (5.1.6) lib/active_support/tagged_logging.rb:69:in `tagged'
railties (5.1.6) lib/rails/rack/logger.rb:24:in `call'
sprockets-rails (3.2.1) lib/sprockets/rails/quiet_assets.rb:13:in `call'
actionpack (5.1.6) lib/action_dispatch/middleware/remote_ip.rb:79:in `call'
actionpack (5.1.6) lib/action_dispatch/middleware/request_id.rb:25:in `call'
rack (2.0.5) lib/rack/method_override.rb:22:in `call'
rack (2.0.5) lib/rack/runtime.rb:22:in `call'
activesupport (5.1.6) lib/active_support/cache/strategy/local_cache_middleware.rb:27:in `call'
actionpack (5.1.6) lib/action_dispatch/middleware/executor.rb:12:in `call'
actionpack (5.1.6) lib/action_dispatch/middleware/static.rb:125:in `call'
rack (2.0.5) lib/rack/sendfile.rb:111:in `call'
railties (5.1.6) lib/rails/engine.rb:522:in `call'
puma (3.12.0) lib/puma/configuration.rb:225:in `call'
puma (3.12.0) lib/puma/server.rb:658:in `handle_request'
puma (3.12.0) lib/puma/server.rb:472:in `process_client'
puma (3.12.0) lib/puma/server.rb:332:in `block in run'
puma (3.12.0) lib/puma/thread_pool.rb:133:in `block in spawn_thread'
Started GET "/products" for ::1 at 2018-09-14 19:26:10 +0800
Processing by ProductsController#index as HTML
  Rendering products/index.html.haml within layouts/application
  [1m[36mProduct Load (0.4ms)[0m  [1m[34mSELECT "products".* FROM "products" WHERE "products"."active" = $1[0m  [["active", "t"]]
  Rendered products/_product_row.html.haml (7.8ms)
  Rendered products/_product_row.html.haml (1.0ms)
  Rendered products/_product_row.html.haml (0.9ms)
  Rendered products/index.html.haml within layouts/application (22.0ms)
  Rendered layouts/_cart_text.html.haml (2.6ms)
  Rendered layouts/_header.html.haml (11.8ms)
Completed 200 OK in 117ms (Views: 108.8ms | ActiveRecord: 0.4ms)


Started GET "/carts/show" for ::1 at 2018-09-14 19:26:12 +0800
  
ActionController::RoutingError (No route matches [GET] "/carts/show"):
  
actionpack (5.1.6) lib/action_dispatch/middleware/debug_exceptions.rb:63:in `call'
web-console (3.7.0) lib/web_console/middleware.rb:135:in `call_app'
web-console (3.7.0) lib/web_console/middleware.rb:30:in `block in call'
web-console (3.7.0) lib/web_console/middleware.rb:20:in `catch'
web-console (3.7.0) lib/web_console/middleware.rb:20:in `call'
actionpack (5.1.6) lib/action_dispatch/middleware/show_exceptions.rb:31:in `call'
railties (5.1.6) lib/rails/rack/logger.rb:36:in `call_app'
railties (5.1.6) lib/rails/rack/logger.rb:24:in `block in call'
activesupport (5.1.6) lib/active_support/tagged_logging.rb:69:in `block in tagged'
activesupport (5.1.6) lib/active_support/tagged_logging.rb:26:in `tagged'
activesupport (5.1.6) lib/active_support/tagged_logging.rb:69:in `tagged'
railties (5.1.6) lib/rails/rack/logger.rb:24:in `call'
sprockets-rails (3.2.1) lib/sprockets/rails/quiet_assets.rb:13:in `call'
actionpack (5.1.6) lib/action_dispatch/middleware/remote_ip.rb:79:in `call'
actionpack (5.1.6) lib/action_dispatch/middleware/request_id.rb:25:in `call'
rack (2.0.5) lib/rack/method_override.rb:22:in `call'
rack (2.0.5) lib/rack/runtime.rb:22:in `call'
activesupport (5.1.6) lib/active_support/cache/strategy/local_cache_middleware.rb:27:in `call'
actionpack (5.1.6) lib/action_dispatch/middleware/executor.rb:12:in `call'
actionpack (5.1.6) lib/action_dispatch/middleware/static.rb:125:in `call'
rack (2.0.5) lib/rack/sendfile.rb:111:in `call'
railties (5.1.6) lib/rails/engine.rb:522:in `call'
puma (3.12.0) lib/puma/configuration.rb:225:in `call'
puma (3.12.0) lib/puma/server.rb:658:in `handle_request'
puma (3.12.0) lib/puma/server.rb:472:in `process_client'
puma (3.12.0) lib/puma/server.rb:332:in `block in run'
puma (3.12.0) lib/puma/thread_pool.rb:133:in `block in spawn_thread'
Started GET "/products" for ::1 at 2018-09-14 19:26:41 +0800
Processing by ProductsController#index as HTML
  Rendering products/index.html.haml within layouts/application
  [1m[36mProduct Load (0.5ms)[0m  [1m[34mSELECT "products".* FROM "products" WHERE "products"."active" = $1[0m  [["active", "t"]]
  Rendered products/_product_row.html.haml (4.9ms)
  Rendered products/_product_row.html.haml (1.2ms)
  Rendered products/_product_row.html.haml (0.9ms)
  Rendered products/index.html.haml within layouts/application (18.7ms)
  Rendered layouts/_cart_text.html.haml (2.1ms)
  Rendered layouts/_header.html.haml (10.9ms)
Completed 200 OK in 108ms (Views: 101.6ms | ActiveRecord: 0.5ms)


Started GET "/cart" for ::1 at 2018-09-14 19:27:36 +0800
Processing by CartsController#show as HTML
  Rendering carts/show.html.haml within layouts/application
  Rendered carts/_shopping_cart.html.haml (4.9ms)
  Rendered carts/show.html.haml within layouts/application (14.1ms)
  Rendered layouts/_cart_text.html.haml (2.7ms)
  Rendered layouts/_header.html.haml (13.4ms)
Completed 200 OK in 146ms (Views: 139.5ms | ActiveRecord: 0.0ms)


Started GET "/cart" for ::1 at 2018-09-14 19:28:39 +0800
Processing by CartsController#show as HTML
  Rendering carts/show.html.haml within layouts/application
  Rendered carts/_shopping_cart.html.haml (3.8ms)
  Rendered carts/show.html.haml within layouts/application (10.6ms)
  Rendered layouts/_cart_text.html.haml (2.1ms)
  Rendered layouts/_header.html.haml (12.3ms)
Completed 200 OK in 107ms (Views: 102.3ms | ActiveRecord: 0.0ms)


Started GET "/carts/0" for ::1 at 2018-09-14 19:28:42 +0800
  
ActionController::RoutingError (No route matches [GET] "/carts/0"):
  
actionpack (5.1.6) lib/action_dispatch/middleware/debug_exceptions.rb:63:in `call'
web-console (3.7.0) lib/web_console/middleware.rb:135:in `call_app'
web-console (3.7.0) lib/web_console/middleware.rb:30:in `block in call'
web-console (3.7.0) lib/web_console/middleware.rb:20:in `catch'
web-console (3.7.0) lib/web_console/middleware.rb:20:in `call'
actionpack (5.1.6) lib/action_dispatch/middleware/show_exceptions.rb:31:in `call'
railties (5.1.6) lib/rails/rack/logger.rb:36:in `call_app'
railties (5.1.6) lib/rails/rack/logger.rb:24:in `block in call'
activesupport (5.1.6) lib/active_support/tagged_logging.rb:69:in `block in tagged'
activesupport (5.1.6) lib/active_support/tagged_logging.rb:26:in `tagged'
activesupport (5.1.6) lib/active_support/tagged_logging.rb:69:in `tagged'
railties (5.1.6) lib/rails/rack/logger.rb:24:in `call'
sprockets-rails (3.2.1) lib/sprockets/rails/quiet_assets.rb:13:in `call'
actionpack (5.1.6) lib/action_dispatch/middleware/remote_ip.rb:79:in `call'
actionpack (5.1.6) lib/action_dispatch/middleware/request_id.rb:25:in `call'
rack (2.0.5) lib/rack/method_override.rb:22:in `call'
rack (2.0.5) lib/rack/runtime.rb:22:in `call'
activesupport (5.1.6) lib/active_support/cache/strategy/local_cache_middleware.rb:27:in `call'
actionpack (5.1.6) lib/action_dispatch/middleware/executor.rb:12:in `call'
actionpack (5.1.6) lib/action_dispatch/middleware/static.rb:125:in `call'
rack (2.0.5) lib/rack/sendfile.rb:111:in `call'
railties (5.1.6) lib/rails/engine.rb:522:in `call'
puma (3.12.0) lib/puma/configuration.rb:225:in `call'
puma (3.12.0) lib/puma/server.rb:658:in `handle_request'
puma (3.12.0) lib/puma/server.rb:472:in `process_client'
puma (3.12.0) lib/puma/server.rb:332:in `block in run'
puma (3.12.0) lib/puma/thread_pool.rb:133:in `block in spawn_thread'
Started GET "/cart" for ::1 at 2018-09-14 19:28:46 +0800
Processing by CartsController#show as HTML
  Rendering carts/show.html.haml within layouts/application
  Rendered carts/_shopping_cart.html.haml (3.6ms)
  Rendered carts/show.html.haml within layouts/application (11.6ms)
  Rendered layouts/_cart_text.html.haml (2.7ms)
  Rendered layouts/_header.html.haml (25.6ms)
Completed 200 OK in 147ms (Views: 141.3ms | ActiveRecord: 0.0ms)


Started GET "/cart" for ::1 at 2018-09-14 19:28:50 +0800
Processing by CartsController#show as HTML
  Rendering carts/show.html.haml within layouts/application
  Rendered carts/_shopping_cart.html.haml (4.2ms)
  Rendered carts/show.html.haml within layouts/application (12.2ms)
  Rendered layouts/_cart_text.html.haml (2.1ms)
  Rendered layouts/_header.html.haml (11.6ms)
Completed 200 OK in 116ms (Views: 109.5ms | ActiveRecord: 0.0ms)


Started GET "/cart" for ::1 at 2018-09-14 19:28:52 +0800
Processing by CartsController#show as HTML
  Rendering carts/show.html.haml within layouts/application
  Rendered carts/_shopping_cart.html.haml (5.9ms)
  Rendered carts/show.html.haml within layouts/application (17.9ms)
  Rendered layouts/_cart_text.html.haml (2.3ms)
  Rendered layouts/_header.html.haml (10.9ms)
Completed 200 OK in 104ms (Views: 100.1ms | ActiveRecord: 0.0ms)


Started GET "/products" for ::1 at 2018-09-14 19:39:11 +0800
Processing by ProductsController#index as HTML
  Rendering products/index.html.haml within layouts/application
  [1m[36mProduct Load (0.4ms)[0m  [1m[34mSELECT "products".* FROM "products" WHERE "products"."active" = $1[0m  [["active", "t"]]
  Rendered products/_product_row.html.haml (5.3ms)
  Rendered products/index.html.haml within layouts/application (12.6ms)
Completed 500 Internal Server Error in 32ms (ActiveRecord: 0.4ms)



SyntaxError - syntax error, unexpected =>, expecting '}'
rency product.price { :unit => "&pound;"}
                              ^
/Users/ringmdcebu/Documents/exam/shopCart_spa/app/views/products/_product_row.html.haml:9: syntax error, unexpected '}', expecting ')'
ct.price { :unit => "&pound;"}
                              ^
/Users/ringmdcebu/Documents/exam/shopCart_spa/app/views/products/_product_row.html.haml:15: syntax error, unexpected keyword_end, expecting ')'
/div>\n</div>\n".freeze);; end;; _hamlout.buffer << ((::Haml
                              ^
/Users/ringmdcebu/Documents/exam/shopCart_spa/app/views/products/_product_row.html.haml:15: syntax error, unexpected keyword_ensure, expecting ')'
Util.html_safe(_erbout);ensure;@haml_buffer = @haml_buffer.u
                              ^
/Users/ringmdcebu/Documents/exam/shopCart_spa/app/views/products/_product_row.html.haml:15: syntax error, unexpected keyword_end, expecting ')'
ffer.upper if @haml_buffer;end;
                              ^
/Users/ringmdcebu/Documents/exam/shopCart_spa/app/views/products/_product_row.html.haml:18: syntax error, unexpected keyword_end, expecting ')'
          end
             ^:
  app/views/products/_product_row.html.haml:9:in `'
  app/views/products/index.html.haml:5:in `block in _app_views_products_index_html_haml__3229606960832732277_70101731362320'
  app/views/products/index.html.haml:4:in `_app_views_products_index_html_haml__3229606960832732277_70101731362320'

Started POST "/__better_errors/a3dc7c4bd6953c8a/variables" for ::1 at 2018-09-14 19:39:11 +0800
Started GET "/products" for ::1 at 2018-09-14 19:40:06 +0800
Processing by ProductsController#index as HTML
  Rendering products/index.html.haml within layouts/application
  [1m[36mProduct Load (0.4ms)[0m  [1m[34mSELECT "products".* FROM "products" WHERE "products"."active" = $1[0m  [["active", "t"]]
  Rendered products/_product_row.html.haml (4.5ms)
  Rendered products/_product_row.html.haml (0.8ms)
  Rendered products/_product_row.html.haml (0.8ms)
  Rendered products/index.html.haml within layouts/application (16.7ms)
  Rendered layouts/_cart_text.html.haml (2.5ms)
  Rendered layouts/_header.html.haml (17.2ms)
Completed 200 OK in 103ms (Views: 97.1ms | ActiveRecord: 0.4ms)


Started GET "/products" for ::1 at 2018-09-14 19:40:30 +0800
Processing by ProductsController#index as HTML
  Rendering products/index.html.haml within layouts/application
  [1m[36mProduct Load (0.5ms)[0m  [1m[34mSELECT "products".* FROM "products" WHERE "products"."active" = $1[0m  [["active", "t"]]
  Rendered products/_product_row.html.haml (7.1ms)
  Rendered products/_product_row.html.haml (1.5ms)
  Rendered products/_product_row.html.haml (1.0ms)
  Rendered products/index.html.haml within layouts/application (21.8ms)
  Rendered layouts/_cart_text.html.haml (2.0ms)
  Rendered layouts/_header.html.haml (11.2ms)
Completed 200 OK in 102ms (Views: 95.8ms | ActiveRecord: 0.5ms)


Started GET "/products" for ::1 at 2018-09-14 19:40:48 +0800
Processing by ProductsController#index as HTML
  Rendering products/index.html.haml within layouts/application
  [1m[36mProduct Load (0.5ms)[0m  [1m[34mSELECT "products".* FROM "products" WHERE "products"."active" = $1[0m  [["active", "t"]]
  Rendered products/_product_row.html.haml (467.2ms)
  Rendered products/index.html.haml within layouts/application (474.0ms)
Completed 500 Internal Server Error in 488ms (ActiveRecord: 0.5ms)



NameError - undefined local variable or method `pound' for #<#<Class:0x007f83a813bc48>:0x007f83a815abe8>:
  app/views/products/_product_row.html.haml:9:in `block in _app_views_products__product_row_html_haml___147262056853719177_70101718601180'
  app/views/products/_product_row.html.haml:6:in `_app_views_products__product_row_html_haml___147262056853719177_70101718601180'
  app/views/products/index.html.haml:5:in `block in _app_views_products_index_html_haml__3229606960832732277_70101718719380'
  app/views/products/index.html.haml:4:in `_app_views_products_index_html_haml__3229606960832732277_70101718719380'

Started POST "/__better_errors/d7d632309e703ad0/variables" for ::1 at 2018-09-14 19:40:49 +0800
Started GET "/products" for ::1 at 2018-09-14 19:40:55 +0800
Processing by ProductsController#index as HTML
  Rendering products/index.html.haml within layouts/application
  [1m[36mProduct Load (0.5ms)[0m  [1m[34mSELECT "products".* FROM "products" WHERE "products"."active" = $1[0m  [["active", "t"]]
  Rendered products/_product_row.html.haml (4.9ms)
  Rendered products/_product_row.html.haml (1.7ms)
  Rendered products/_product_row.html.haml (1.4ms)
  Rendered products/index.html.haml within layouts/application (18.0ms)
  Rendered layouts/_cart_text.html.haml (1.8ms)
  Rendered layouts/_header.html.haml (9.3ms)
Completed 200 OK in 90ms (Views: 83.5ms | ActiveRecord: 0.5ms)


Started POST "/order_items" for ::1 at 2018-09-14 19:42:46 +0800
Processing by OrderItemsController#create as JS
  Parameters: {"utf8"=>"✓", "order_item"=>{"quantity"=>"1", "product_id"=>"1"}, "commit"=>"Add to Cart"}
  [1m[35m (0.3ms)[0m  [1m[35mBEGIN[0m
  [1m[36mProduct Load (0.6ms)[0m  [1m[34mSELECT  "products".* FROM "products" WHERE "products"."active" = $1 AND "products"."id" = $2 LIMIT $3[0m  [["active", "t"], ["id", 1], ["LIMIT", 1]]
  [1m[35m (0.3ms)[0m  [1m[31mROLLBACK[0m
  Rendering order_items/create.html.haml within layouts/application
  Rendered order_items/create.html.haml within layouts/application (2.2ms)
  Rendered layouts/_cart_text.html.haml (2.2ms)
  Rendered layouts/_header.html.haml (31.3ms)
Completed 200 OK in 179ms (Views: 138.6ms | ActiveRecord: 1.2ms)


  [1m[35m (1.2ms)[0m  [1m[34mSELECT "schema_migrations"."version" FROM "schema_migrations" ORDER BY "schema_migrations"."version" ASC[0m
  [1m[35mSQL (23.9ms)[0m  [1m[31mDELETE FROM "products" WHERE "products"."active" = $1[0m  [["active", "t"]]
  [1m[35m (0.3ms)[0m  [1m[35mBEGIN[0m
  [1m[35mSQL (0.9ms)[0m  [1m[32mINSERT INTO "products" ("id", "name", "price", "active", "created_at", "updated_at") VALUES ($1, $2, $3, $4, $5, $6) RETURNING "id"[0m  [["id", 1], ["name", "Scotland Flag"], ["price", "0.49"], ["active", "t"], ["created_at", "2018-09-14 11:43:31.121367"], ["updated_at", "2018-09-14 11:43:31.121367"]]
  [1m[35m (0.4ms)[0m  [1m[35mCOMMIT[0m
  [1m[35m (0.2ms)[0m  [1m[35mBEGIN[0m
  [1m[35mSQL (0.4ms)[0m  [1m[32mINSERT INTO "products" ("id", "name", "price", "active", "created_at", "updated_at") VALUES ($1, $2, $3, $4, $5, $6) RETURNING "id"[0m  [["id", 2], ["name", "Children’s Car Seat"], ["price", "0.29"], ["active", "t"], ["created_at", "2018-09-14 11:43:31.125219"], ["updated_at", "2018-09-14 11:43:31.125219"]]
  [1m[35m (0.4ms)[0m  [1m[35mCOMMIT[0m
  [1m[35m (0.2ms)[0m  [1m[35mBEGIN[0m
  [1m[35mSQL (0.4ms)[0m  [1m[32mINSERT INTO "products" ("id", "name", "price", "active", "created_at", "updated_at") VALUES ($1, $2, $3, $4, $5, $6) RETURNING "id"[0m  [["id", 3], ["name", "Magnetic Wrist Band"], ["price", "1.99"], ["active", "t"], ["created_at", "2018-09-14 11:43:31.127660"], ["updated_at", "2018-09-14 11:43:31.127660"]]
  [1m[35m (0.4ms)[0m  [1m[35mCOMMIT[0m
  [1m[35mSQL (1.4ms)[0m  [1m[31mDELETE FROM "order_statuses"[0m
  [1m[35m (0.2ms)[0m  [1m[35mBEGIN[0m
  [1m[35mSQL (0.4ms)[0m  [1m[32mINSERT INTO "order_statuses" ("id", "name", "created_at", "updated_at") VALUES ($1, $2, $3, $4) RETURNING "id"[0m  [["id", 1], ["name", "In Progress"], ["created_at", "2018-09-14 11:43:31.138649"], ["updated_at", "2018-09-14 11:43:31.138649"]]
  [1m[35m (0.4ms)[0m  [1m[35mCOMMIT[0m
  [1m[35m (0.2ms)[0m  [1m[35mBEGIN[0m
  [1m[35mSQL (0.4ms)[0m  [1m[32mINSERT INTO "order_statuses" ("id", "name", "created_at", "updated_at") VALUES ($1, $2, $3, $4) RETURNING "id"[0m  [["id", 2], ["name", "Placed"], ["created_at", "2018-09-14 11:43:31.140877"], ["updated_at", "2018-09-14 11:43:31.140877"]]
  [1m[35m (0.4ms)[0m  [1m[35mCOMMIT[0m
  [1m[35m (0.2ms)[0m  [1m[35mBEGIN[0m
  [1m[35mSQL (0.4ms)[0m  [1m[32mINSERT INTO "order_statuses" ("id", "name", "created_at", "updated_at") VALUES ($1, $2, $3, $4) RETURNING "id"[0m  [["id", 3], ["name", "Shipped"], ["created_at", "2018-09-14 11:43:31.142828"], ["updated_at", "2018-09-14 11:43:31.142828"]]
  [1m[35m (0.4ms)[0m  [1m[35mCOMMIT[0m
  [1m[35m (0.2ms)[0m  [1m[35mBEGIN[0m
  [1m[35mSQL (0.3ms)[0m  [1m[32mINSERT INTO "order_statuses" ("id", "name", "created_at", "updated_at") VALUES ($1, $2, $3, $4) RETURNING "id"[0m  [["id", 4], ["name", "Cancelled"], ["created_at", "2018-09-14 11:43:31.144851"], ["updated_at", "2018-09-14 11:43:31.144851"]]
  [1m[35m (0.4ms)[0m  [1m[35mCOMMIT[0m
Started GET "/products" for ::1 at 2018-09-14 19:43:39 +0800
Processing by ProductsController#index as HTML
  Rendering products/index.html.haml within layouts/application
  [1m[36mProduct Load (1.1ms)[0m  [1m[34mSELECT "products".* FROM "products" WHERE "products"."active" = $1[0m  [["active", "t"]]
  Rendered products/_product_row.html.haml (9.5ms)
  Rendered products/_product_row.html.haml (1.3ms)
  Rendered products/_product_row.html.haml (1.2ms)
  Rendered products/index.html.haml within layouts/application (28.0ms)
  Rendered layouts/_cart_text.html.haml (2.9ms)
  Rendered layouts/_header.html.haml (14.1ms)
Completed 200 OK in 133ms (Views: 123.6ms | ActiveRecord: 1.1ms)


  [1m[35m (0.9ms)[0m  [1m[34mSELECT "schema_migrations"."version" FROM "schema_migrations" ORDER BY "schema_migrations"."version" ASC[0m
  [1m[35mSQL (7.4ms)[0m  [1m[31mDELETE FROM "products" WHERE "products"."active" = $1[0m  [["active", "t"]]
  [1m[35m (0.3ms)[0m  [1m[35mBEGIN[0m
  [1m[35mSQL (0.5ms)[0m  [1m[32mINSERT INTO "products" ("id", "name", "price", "active", "created_at", "updated_at") VALUES ($1, $2, $3, $4, $5, $6) RETURNING "id"[0m  [["id", 1], ["name", "Scotland Flag"], ["price", "20.0"], ["active", "t"], ["created_at", "2018-09-14 11:44:56.106768"], ["updated_at", "2018-09-14 11:44:56.106768"]]
  [1m[35m (5.1ms)[0m  [1m[35mCOMMIT[0m
  [1m[35m (0.2ms)[0m  [1m[35mBEGIN[0m
  [1m[35mSQL (0.4ms)[0m  [1m[32mINSERT INTO "products" ("id", "name", "price", "active", "created_at", "updated_at") VALUES ($1, $2, $3, $4, $5, $6) RETURNING "id"[0m  [["id", 2], ["name", "Children’s Car Seat"], ["price", "33.9"], ["active", "t"], ["created_at", "2018-09-14 11:44:56.114836"], ["updated_at", "2018-09-14 11:44:56.114836"]]
  [1m[35m (0.4ms)[0m  [1m[35mCOMMIT[0m
  [1m[35m (0.4ms)[0m  [1m[35mBEGIN[0m
  [1m[35mSQL (0.4ms)[0m  [1m[32mINSERT INTO "products" ("id", "name", "price", "active", "created_at", "updated_at") VALUES ($1, $2, $3, $4, $5, $6) RETURNING "id"[0m  [["id", 3], ["name", "Magnetic Wrist Band"], ["price", "9.0"], ["active", "t"], ["created_at", "2018-09-14 11:44:56.117985"], ["updated_at", "2018-09-14 11:44:56.117985"]]
  [1m[35m (0.4ms)[0m  [1m[35mCOMMIT[0m
  [1m[35mSQL (1.4ms)[0m  [1m[31mDELETE FROM "order_statuses"[0m
  [1m[35m (0.2ms)[0m  [1m[35mBEGIN[0m
  [1m[35mSQL (0.4ms)[0m  [1m[32mINSERT INTO "order_statuses" ("id", "name", "created_at", "updated_at") VALUES ($1, $2, $3, $4) RETURNING "id"[0m  [["id", 1], ["name", "In Progress"], ["created_at", "2018-09-14 11:44:56.129574"], ["updated_at", "2018-09-14 11:44:56.129574"]]
  [1m[35m (0.4ms)[0m  [1m[35mCOMMIT[0m
  [1m[35m (0.2ms)[0m  [1m[35mBEGIN[0m
  [1m[35mSQL (0.3ms)[0m  [1m[32mINSERT INTO "order_statuses" ("id", "name", "created_at", "updated_at") VALUES ($1, $2, $3, $4) RETURNING "id"[0m  [["id", 2], ["name", "Placed"], ["created_at", "2018-09-14 11:44:56.131825"], ["updated_at", "2018-09-14 11:44:56.131825"]]
  [1m[35m (0.4ms)[0m  [1m[35mCOMMIT[0m
  [1m[35m (0.2ms)[0m  [1m[35mBEGIN[0m
  [1m[35mSQL (0.3ms)[0m  [1m[32mINSERT INTO "order_statuses" ("id", "name", "created_at", "updated_at") VALUES ($1, $2, $3, $4) RETURNING "id"[0m  [["id", 3], ["name", "Shipped"], ["created_at", "2018-09-14 11:44:56.133831"], ["updated_at", "2018-09-14 11:44:56.133831"]]
  [1m[35m (0.4ms)[0m  [1m[35mCOMMIT[0m
  [1m[35m (0.2ms)[0m  [1m[35mBEGIN[0m
  [1m[35mSQL (0.4ms)[0m  [1m[32mINSERT INTO "order_statuses" ("id", "name", "created_at", "updated_at") VALUES ($1, $2, $3, $4) RETURNING "id"[0m  [["id", 4], ["name", "Cancelled"], ["created_at", "2018-09-14 11:44:56.135816"], ["updated_at", "2018-09-14 11:44:56.135816"]]
  [1m[35m (0.4ms)[0m  [1m[35mCOMMIT[0m
Started GET "/products" for ::1 at 2018-09-14 19:45:00 +0800
Processing by ProductsController#index as HTML
  Rendering products/index.html.haml within layouts/application
  [1m[36mProduct Load (1.0ms)[0m  [1m[34mSELECT "products".* FROM "products" WHERE "products"."active" = $1[0m  [["active", "t"]]
  Rendered products/_product_row.html.haml (6.5ms)
  Rendered products/_product_row.html.haml (1.1ms)
  Rendered products/_product_row.html.haml (1.0ms)
  Rendered products/index.html.haml within layouts/application (20.2ms)
  Rendered layouts/_cart_text.html.haml (2.7ms)
  Rendered layouts/_header.html.haml (13.2ms)
Completed 200 OK in 110ms (Views: 102.7ms | ActiveRecord: 1.0ms)


Started GET "/cart" for ::1 at 2018-09-14 19:46:23 +0800
Processing by CartsController#show as HTML
  Rendering carts/show.html.haml within layouts/application
  Rendered carts/_shopping_cart.html.haml (6.9ms)
  Rendered carts/show.html.haml within layouts/application (13.9ms)
  Rendered layouts/_cart_text.html.haml (3.0ms)
  Rendered layouts/_header.html.haml (12.9ms)
Completed 200 OK in 120ms (Views: 114.2ms | ActiveRecord: 0.0ms)


Started GET "/cart" for ::1 at 2018-09-14 19:46:27 +0800
Processing by CartsController#show as HTML
  Rendering carts/show.html.haml within layouts/application
  Rendered carts/_shopping_cart.html.haml (9.6ms)
  Rendered carts/show.html.haml within layouts/application (20.5ms)
  Rendered layouts/_cart_text.html.haml (2.3ms)
  Rendered layouts/_header.html.haml (15.2ms)
Completed 200 OK in 138ms (Views: 131.4ms | ActiveRecord: 0.0ms)


Started GET "/products" for ::1 at 2018-09-14 19:46:29 +0800
Processing by ProductsController#index as HTML
  Rendering products/index.html.haml within layouts/application
  [1m[36mProduct Load (1.0ms)[0m  [1m[34mSELECT "products".* FROM "products" WHERE "products"."active" = $1[0m  [["active", "t"]]
  Rendered products/_product_row.html.haml (29.5ms)
  Rendered products/_product_row.html.haml (1.0ms)
  Rendered products/_product_row.html.haml (1.5ms)
  Rendered products/index.html.haml within layouts/application (58.8ms)
  Rendered layouts/_cart_text.html.haml (2.2ms)
  Rendered layouts/_header.html.haml (15.4ms)
Completed 200 OK in 158ms (Views: 149.7ms | ActiveRecord: 1.0ms)


Started GET "/products" for ::1 at 2018-09-14 19:47:51 +0800
Processing by ProductsController#index as HTML
  Rendering products/index.html.haml within layouts/application
  [1m[36mProduct Load (0.5ms)[0m  [1m[34mSELECT "products".* FROM "products" WHERE "products"."active" = $1[0m  [["active", "t"]]
  Rendered products/_product_row.html.haml (9.9ms)
  Rendered products/_product_row.html.haml (1.3ms)
  Rendered products/_product_row.html.haml (1.3ms)
  Rendered products/index.html.haml within layouts/application (38.7ms)
Completed 500 Internal Server Error in 59ms (ActiveRecord: 0.5ms)



ActionView::MissingTemplate - Missing partial products/_shopping_cart, application/_shopping_cart with {:locale=>[:en], :formats=>[:html], :variants=>[], :handlers=>[:raw, :erb, :html, :builder, :ruby, :coffee, :jbuilder, :haml]}. Searched in:
  * "/Users/ringmdcebu/Documents/exam/shopCart_spa/app/views"
:
  app/views/products/index.html.haml:8:in `_app_views_products_index_html_haml__3229606960832732277_70101735448160'

Started POST "/__better_errors/ce8a10cd1930bb67/variables" for ::1 at 2018-09-14 19:47:51 +0800
Started GET "/products" for ::1 at 2018-09-14 19:48:10 +0800
Processing by ProductsController#index as HTML
  Rendering products/index.html.haml within layouts/application
  [1m[36mProduct Load (1.1ms)[0m  [1m[34mSELECT "products".* FROM "products" WHERE "products"."active" = $1[0m  [["active", "t"]]
  Rendered products/_product_row.html.haml (6.5ms)
  Rendered products/_product_row.html.haml (1.6ms)
  Rendered products/_product_row.html.haml (2.1ms)
  Rendered carts/_shopping_cart.html.haml (7.6ms)
  Rendered products/index.html.haml within layouts/application (39.4ms)
Completed 500 Internal Server Error in 75ms (ActiveRecord: 1.1ms)



NoMethodError - undefined method `size' for nil:NilClass:
  app/views/carts/_shopping_cart.html.haml:6:in `_app_views_carts__shopping_cart_html_haml___1840416533811044961_70101720967780'
  app/views/products/index.html.haml:8:in `_app_views_products_index_html_haml__3229606960832732277_70101721149180'

Started POST "/__better_errors/2c039a97282816e7/variables" for ::1 at 2018-09-14 19:48:10 +0800
Started GET "/products" for ::1 at 2018-09-14 19:48:39 +0800
Processing by ProductsController#index as HTML
  Rendering products/index.html.haml within layouts/application
  [1m[36mProduct Load (0.5ms)[0m  [1m[34mSELECT "products".* FROM "products" WHERE "products"."active" = $1[0m  [["active", "t"]]
  Rendered products/_product_row.html.haml (7.6ms)
  Rendered products/_product_row.html.haml (1.1ms)
  Rendered products/_product_row.html.haml (1.1ms)
  Rendered carts/_shopping_cart.html.haml (7.0ms)
  Rendered products/index.html.haml within layouts/application (39.8ms)
  Rendered layouts/_cart_text.html.haml (2.4ms)
  Rendered layouts/_header.html.haml (13.9ms)
Completed 200 OK in 153ms (Views: 113.1ms | ActiveRecord: 10.3ms)


Started POST "/order_items" for ::1 at 2018-09-14 19:48:43 +0800
Processing by OrderItemsController#create as JS
  Parameters: {"utf8"=>"✓", "order_item"=>{"quantity"=>"2", "product_id"=>"3"}, "commit"=>"Add to Cart"}
  [1m[35m (0.4ms)[0m  [1m[35mBEGIN[0m
  [1m[36mProduct Load (0.7ms)[0m  [1m[34mSELECT  "products".* FROM "products" WHERE "products"."active" = $1 AND "products"."id" = $2 LIMIT $3[0m  [["active", "t"], ["id", 3], ["LIMIT", 1]]
  [1m[35m (0.5ms)[0m  [1m[31mROLLBACK[0m
  Rendering order_items/create.html.haml within layouts/application
  Rendered order_items/create.html.haml within layouts/application (2.5ms)
  Rendered layouts/_cart_text.html.haml (2.7ms)
  Rendered layouts/_header.html.haml (35.0ms)
Completed 200 OK in 251ms (Views: 182.0ms | ActiveRecord: 1.6ms)


Started GET "/" for ::1 at 2018-09-14 19:48:50 +0800
Processing by ShopController#index as HTML
  Rendering shop/index.html.haml within layouts/application
  Rendered shop/index.html.haml within layouts/application (2.0ms)
  Rendered layouts/_cart_text.html.haml (2.5ms)
  Rendered layouts/_header.html.haml (12.1ms)
Completed 200 OK in 98ms (Views: 86.0ms | ActiveRecord: 0.0ms)


Started GET "/products" for ::1 at 2018-09-14 19:48:51 +0800
Processing by ProductsController#index as HTML
  Rendering products/index.html.haml within layouts/application
  [1m[36mProduct Load (1.2ms)[0m  [1m[34mSELECT "products".* FROM "products" WHERE "products"."active" = $1[0m  [["active", "t"]]
  Rendered products/_product_row.html.haml (5.2ms)
  Rendered products/_product_row.html.haml (0.8ms)
  Rendered products/_product_row.html.haml (1.2ms)
  Rendered carts/_shopping_cart.html.haml (2.7ms)
  Rendered products/index.html.haml within layouts/application (35.5ms)
  Rendered layouts/_cart_text.html.haml (2.8ms)
  Rendered layouts/_header.html.haml (13.1ms)
Completed 200 OK in 122ms (Views: 113.2ms | ActiveRecord: 1.2ms)


Started GET "/products" for ::1 at 2018-09-14 19:49:25 +0800
Processing by ProductsController#index as HTML
  Rendering products/index.html.haml within layouts/application
  [1m[36mProduct Load (0.6ms)[0m  [1m[34mSELECT "products".* FROM "products" WHERE "products"."active" = $1[0m  [["active", "t"]]
  Rendered products/_product_row.html.haml (8.5ms)
  Rendered products/_product_row.html.haml (1.2ms)
  Rendered products/_product_row.html.haml (1.2ms)
  Rendered carts/_shopping_cart.html.haml (5.5ms)
  Rendered products/index.html.haml within layouts/application (39.3ms)
  Rendered layouts/_cart_text.html.haml (2.2ms)
  Rendered layouts/_header.html.haml (10.3ms)
Completed 200 OK in 137ms (Views: 129.1ms | ActiveRecord: 0.6ms)


Started GET "/products" for ::1 at 2018-09-14 19:49:40 +0800
Processing by ProductsController#index as HTML
  Rendering products/index.html.haml within layouts/application
  [1m[36mProduct Load (0.5ms)[0m  [1m[34mSELECT "products".* FROM "products" WHERE "products"."active" = $1[0m  [["active", "t"]]
  Rendered products/_product_row.html.haml (5.8ms)
  Rendered products/_product_row.html.haml (1.1ms)
  Rendered products/_product_row.html.haml (0.9ms)
  Rendered carts/_shopping_cart.html.haml (4.3ms)
  Rendered products/index.html.haml within layouts/application (25.7ms)
  Rendered layouts/_header.html.haml (5.8ms)
Completed 200 OK in 98ms (Views: 92.2ms | ActiveRecord: 0.5ms)


Started GET "/products" for ::1 at 2018-09-14 19:50:23 +0800
Processing by ProductsController#index as HTML
  Rendering products/index.html.haml within layouts/application
  Rendered layouts/_cart_text.html.haml (3.7ms)
  [1m[36mProduct Load (6.2ms)[0m  [1m[34mSELECT "products".* FROM "products" WHERE "products"."active" = $1[0m  [["active", "t"]]
  Rendered products/_product_row.html.haml (7.4ms)
  Rendered products/_product_row.html.haml (1.7ms)
  Rendered products/_product_row.html.haml (1.4ms)
  Rendered carts/_shopping_cart.html.haml (6.0ms)
  Rendered products/index.html.haml within layouts/application (53.6ms)
  Rendered layouts/_header.html.haml (6.6ms)
Completed 200 OK in 133ms (Views: 120.1ms | ActiveRecord: 6.2ms)


Started GET "/products" for ::1 at 2018-09-14 19:50:42 +0800
Processing by ProductsController#index as HTML
  Rendering products/index.html.haml within layouts/application
  Rendered layouts/_cart_text.html.haml (3.6ms)
  [1m[36mProduct Load (0.6ms)[0m  [1m[34mSELECT "products".* FROM "products" WHERE "products"."active" = $1[0m  [["active", "t"]]
  Rendered products/_product_row.html.haml (9.9ms)
  Rendered products/_product_row.html.haml (1.7ms)
  Rendered products/_product_row.html.haml (1.9ms)
  Rendered carts/_shopping_cart.html.haml (4.8ms)
  Rendered products/index.html.haml within layouts/application (49.6ms)
  Rendered layouts/_header.html.haml (6.6ms)
Completed 200 OK in 157ms (Views: 147.2ms | ActiveRecord: 0.6ms)


Started GET "/products" for ::1 at 2018-09-14 19:52:12 +0800
Processing by ProductsController#index as HTML
  Rendering products/index.html.haml within layouts/application
  Rendered layouts/_cart_text.html.haml (5.0ms)
  [1m[36mProduct Load (0.7ms)[0m  [1m[34mSELECT "products".* FROM "products" WHERE "products"."active" = $1[0m  [["active", "t"]]
  Rendered products/_product_row.html.haml (9.4ms)
  Rendered products/_product_row.html.haml (1.5ms)
  Rendered products/_product_row.html.haml (1.6ms)
  Rendered carts/_shopping_cart.html.haml (5.8ms)
  Rendered products/index.html.haml within layouts/application (52.8ms)
  Rendered layouts/_header.html.haml (11.3ms)
Completed 200 OK in 155ms (Views: 147.4ms | ActiveRecord: 0.7ms)


